2023.08.09 16:31:25 INFO  Started: Metals version 1.0.0 in folders 'C:\Users\njoki\Desktop\scala-project' for client Visual Studio Code 1.80.2.
Aug 09, 2023 4:31:25 PM org.flywaydb.core.internal.license.VersionPrinter printVersionOnly
INFORMATION: Flyway Community Edition 9.20.1 by Redgate
Aug 09, 2023 4:31:25 PM org.flywaydb.core.internal.license.VersionPrinter printVersion
INFORMATION: See release notes here: https://rd.gt/416ObMi
Aug 09, 2023 4:31:25 PM org.flywaydb.core.internal.license.VersionPrinter printVersion
INFORMATION: 
Aug 09, 2023 4:31:25 PM org.flywaydb.core.internal.database.base.BaseDatabaseType createDatabase
INFORMATION: Database: jdbc:h2:file:C:\Users\njoki\Desktop\scala-project\.metals\metals (H2 2.1)
Aug 09, 2023 4:31:25 PM org.flywaydb.core.internal.schemahistory.JdbcTableSchemaHistory allAppliedMigrations
INFORMATION: Schema history table "PUBLIC"."flyway_schema_history" does not exist yet
Aug 09, 2023 4:31:25 PM org.flywaydb.core.internal.command.DbValidate validate
INFORMATION: Successfully validated 4 migrations (execution time 00:00.012s)
Aug 09, 2023 4:31:25 PM org.flywaydb.core.internal.schemahistory.JdbcTableSchemaHistory create
INFORMATION: Creating Schema History table "PUBLIC"."flyway_schema_history" ...
Aug 09, 2023 4:31:25 PM org.flywaydb.core.internal.command.DbMigrate migrateGroup
INFORMATION: Current version of schema "PUBLIC": << Empty Schema >>
Aug 09, 2023 4:31:25 PM org.flywaydb.core.internal.command.DbMigrate doMigrateGroup
INFORMATION: Migrating schema "PUBLIC" to version "1 - Create tables"
Aug 09, 2023 4:31:25 PM org.flywaydb.core.internal.command.DbMigrate doMigrateGroup
INFORMATION: Migrating schema "PUBLIC" to version "2 - Server discovery"
Aug 09, 2023 4:31:25 PM org.flywaydb.core.internal.command.DbMigrate doMigrateGroup
INFORMATION: Migrating schema "PUBLIC" to version "3 - Jar symbols"
Aug 09, 2023 4:31:25 PM org.flywaydb.core.internal.command.DbMigrate doMigrateGroup
INFORMATION: Migrating schema "PUBLIC" to version "4 - Fingerprints"
Aug 09, 2023 4:31:25 PM org.flywaydb.core.internal.command.DbMigrate logSummary
INFORMATION: Successfully applied 4 migrations to schema "PUBLIC", now at version v4 (execution time 00:00.016s)
2023.08.09 16:31:25 INFO  time: initialize in 0.47s
2023.08.09 16:31:27 WARN  Build server is not auto-connectable.
2023.08.09 16:31:27 WARN  no build target for: C:\Users\njoki\Desktop\scala-project\src\main\scala\example\example.worksheet.sc
2023.08.09 16:31:35 INFO  no build target found for C:\Users\njoki\Desktop\scala-project\src\main\scala\example\example.worksheet.sc. Using presentation compiler with project's scala-library version: 3.3.0
2023.08.09 16:31:39 INFO  time: evaluated worksheet 'example.worksheet.sc' in 11s
2023.08.09 16:31:44 INFO  running 'C:\Program Files\Java\jdk-20\bin\java.exe -Djline.terminal=jline.UnsupportedTerminal -Dsbt.log.noformat=true -Dfile.encoding=UTF-8 -jar C:\Users\njoki\AppData\Local\Temp\metals14409856734466729855\sbt-launch.jar -Dbloop.export-jar-classifiers=sources bloopInstall'
2023.08.09 16:31:45 ERROR [info] [launcher] getting org.scala-sbt sbt 1.9.0  (this may take some time)...
2023.08.09 16:31:52 ERROR [info] [launcher] getting Scala 2.12.18 (for sbt)...
2023.08.09 16:31:55 INFO  [info] welcome to sbt 1.9.0 (Oracle Corporation Java 20.0.1)
2023.08.09 16:31:57 INFO  [info] loading settings for project scala-project-build-build from metals.sbt ...
2023.08.09 16:31:57 INFO  [info] loading project definition from C:\Users\njoki\Desktop\scala-project\project\project
2023.08.09 16:32:00 INFO  [info] loading settings for project scala-project-build from metals.sbt ...
2023.08.09 16:32:00 INFO  [info] loading project definition from C:\Users\njoki\Desktop\scala-project\project
2023.08.09 16:32:04 INFO  [success] Generated .bloop\scala-project-build.json
2023.08.09 16:32:04 INFO  [success] Total time: 4 s, completed 9 Aug 2023, 16:32:04
2023.08.09 16:32:04 INFO  [info] loading settings for project scala-project from build.sbt ...
2023.08.09 16:32:04 INFO  [info] set current project to scala-project (in build file:/C:/Users/njoki/Desktop/scala-project/)
2023.08.09 16:32:08 INFO  [success] Generated .bloop\scala-project.json
2023.08.09 16:32:08 INFO  [success] Generated .bloop\scala-project-test.json
2023.08.09 16:32:08 INFO  [success] Total time: 3 s, completed 9 Aug 2023, 16:32:08
2023.08.09 16:32:08 INFO  time: ran 'sbt bloopInstall' in 24s
2023.08.09 16:32:08 INFO  Attempting to connect to the build server...
2023.08.09 16:32:08 INFO  Setting up current java home C:\Program Files\Java\jdk-20 in C:\Users\njoki\.bloop\bloop.json
2023.08.09 16:32:16 INFO  tracing is disabled for protocol BSP, to enable tracing of incoming and outgoing JSON messages create an empty file at C:\Users\njoki\Desktop\scala-project\.metals\bsp.trace.json or C:\Users\njoki\AppData\Local\scalameta\metals\cache\bsp.trace.json
2023.08.09 16:32:16 INFO  Attempting to connect to the build server...
2023.08.09 16:32:16 INFO  Bloop uses C:\Program Files\Java\jdk-20 defined at C:\Users\njoki\.bloop\bloop.json
2023.08.09 16:32:16 INFO  tracing is disabled for protocol BSP, to enable tracing of incoming and outgoing JSON messages create an empty file at C:\Users\njoki\Desktop\scala-project\project\.metals\bsp.trace.json or C:\Users\njoki\AppData\Local\scalameta\metals\cache\bsp.trace.json
2023.08.09 16:32:19 INFO  time: Connected to build server in 10s
2023.08.09 16:32:19 INFO  Connected to Build server: Bloop v1.5.8
2023.08.09 16:32:19 INFO  time: Imported build in 0.11s
2023.08.09 16:32:24 INFO  time: indexed workspace in 5.69s
2023.08.09 16:32:26 INFO  time: evaluated worksheet 'example.worksheet.sc' in 1.32s
2023.08.09 16:32:28 INFO  time: code lens generation in 3s
[31merror[39m: src\main\scala\example\example.worksheet.sc:7:5: Procedure syntax is not supported. Convert procedure `ec` to method by adding `: Unit =`.
def ec
    ^^
2023.08.09 16:34:23 INFO  time: evaluated worksheet 'example.worksheet.sc' in 0.36s
[31merror[39m: src\main\scala\example\example.worksheet.sc:7:5: Procedure syntax is not supported. Convert procedure `exa` to method by adding `: Unit =`.
def exa
    ^^^
2023.08.09 16:34:26 INFO  time: evaluated worksheet 'example.worksheet.sc' in 0.31s
[31merror[39m: src\main\scala\example\example.worksheet.sc:7:5: Procedure syntax is not supported. Convert procedure `example` to method by adding `: Unit =`.
def example 
    ^^^^^^^
2023.08.09 16:34:31 INFO  time: evaluated worksheet 'example.worksheet.sc' in 0.22s
2023.08.09 16:34:33 INFO  time: evaluated worksheet 'example.worksheet.sc' in 0.36s
2023.08.09 16:34:35 INFO  time: evaluated worksheet 'example.worksheet.sc' in 0.35s
2023.08.09 16:34:46 INFO  time: evaluated worksheet 'example.worksheet.sc' in 0.25s
[31merror[39m: src\main\scala\example\example.worksheet.sc:8:4: illegal start of simple pattern
val
   ^
2023.08.09 16:34:48 INFO  time: evaluated worksheet 'example.worksheet.sc' in 0.17s
[31merror[39m: src\main\scala\example\example.worksheet.sc:8:5: illegal start of simple pattern
val 
    ^
2023.08.09 16:34:50 INFO  time: evaluated worksheet 'example.worksheet.sc' in 0.15s
[31merror[39m: src\main\scala\example\example.worksheet.sc:8:7: = expected but end of file found
val ex
      ^
2023.08.09 16:34:59 INFO  time: evaluated worksheet 'example.worksheet.sc' in 0.14s
[31merror[39m: src\main\scala\example\example.worksheet.sc:8:5: 
Double definition:
def example: Int in class MdocApp at line 21 and
val example: Int in class MdocApp at line 24

val example = 2
    ^
2023.08.09 16:35:02 INFO  time: evaluated worksheet 'example.worksheet.sc' in 0.12s
[31merror[39m: src\main\scala\example\example.worksheet.sc:8:5: 
Double definition:
def example: Int in class MdocApp at line 21 and
val example: Int in class MdocApp at line 24

val example = 2
    ^
2023.08.09 16:35:12 INFO  time: evaluated worksheet 'example.worksheet.sc' in 98ms
[31merror[39m: src\main\scala\example\example.worksheet.sc:9:1: 
Not found: la
la
^^
[31merror[39m: src\main\scala\example\example.worksheet.sc:8:5: 
Double definition:
def example: Int in class MdocApp at line 21 and
val example: Int in class MdocApp at line 24

val example = 2
    ^
2023.08.09 16:35:15 INFO  time: evaluated worksheet 'example.worksheet.sc' in 0.11s
[31merror[39m: src\main\scala\example\example.worksheet.sc:9:9: illegal start of simple pattern
lazy val
        ^
2023.08.09 16:35:18 INFO  time: evaluated worksheet 'example.worksheet.sc' in 0.14s
Aug 09, 2023 4:35:22 PM org.eclipse.lsp4j.jsonrpc.RemoteEndpoint handleCancellation
WARNUNG: Unmatched cancel notification for request id 186
[31merror[39m: src\main\scala\example\example.worksheet.sc:9:18: = expected but end of file found
lazy val example 
                 ^
2023.08.09 16:35:24 INFO  time: evaluated worksheet 'example.worksheet.sc' in 0.15s
[31merror[39m: src\main\scala\example\example.worksheet.sc:9:20: illegal start of simple expression
lazy val example = 
                   ^
2023.08.09 16:35:25 INFO  time: evaluated worksheet 'example.worksheet.sc' in 0.13s
[31merror[39m: src\main\scala\example\example.worksheet.sc:8:5: 
Double definition:
def example: Int in class MdocApp at line 21 and
val example: Int in class MdocApp at line 24

val example = 2
    ^
[31merror[39m: src\main\scala\example\example.worksheet.sc:9:10: 
Double definition:
val example: Int in class MdocApp at line 24 and
lazy val example: Int in class MdocApp at line 28

lazy val example = 2
         ^
2023.08.09 16:35:28 INFO  time: evaluated worksheet 'example.worksheet.sc' in 95ms
[31merror[39m: src\main\scala\example\example.worksheet.sc:8:5: 
Double definition:
def example: Int in class MdocApp at line 21 and
val example: Int in class MdocApp at line 24

val example = 2
    ^
[31merror[39m: src\main\scala\example\example.worksheet.sc:9:10: 
Double definition:
val example: Int in class MdocApp at line 24 and
lazy val example: Int in class MdocApp at line 28

lazy val example = 2
         ^
2023.08.09 16:35:30 INFO  time: evaluated worksheet 'example.worksheet.sc' in 89ms
[31merror[39m: src\main\scala\example\example.worksheet.sc:11:5: Procedure syntax is not supported. Convert procedure `square` to method by adding `: Unit =`.
def square(x: Double)    // call by value
    ^^^^^^
2023.08.09 16:36:25 INFO  time: evaluated worksheet 'example.worksheet.sc' in 0.24s
[31merror[39m: src\main\scala\example\example.worksheet.sc:11:5: Procedure syntax is not supported. Convert procedure `square` to method by adding `: Unit =`.
def square(x: Double)    // call by value
    ^^^^^^
2023.08.09 16:38:44 INFO  time: evaluated worksheet 'example.worksheet.sc' in 0.13s
[31merror[39m: src\main\scala\example\example.worksheet.sc:11:5: Procedure syntax is not supported. Convert procedure `square` to method by adding `: Unit =`.
def square(x: Double)    // call by value
    ^^^^^^
2023.08.09 16:38:46 INFO  time: evaluated worksheet 'example.worksheet.sc' in 0.12s
[31merror[39m: src\main\scala\example\example.worksheet.sc:11:5: Procedure syntax is not supported. Convert procedure `square` to method by adding `: Unit =`.
def square(x: Double)    // call by value
    ^^^^^^
2023.08.09 16:38:55 INFO  time: evaluated worksheet 'example.worksheet.sc' in 0.12s
[31merror[39m: src\main\scala\example\example.worksheet.sc:11:5: Procedure syntax is not supported. Convert procedure `square` to method by adding `: Unit =`.
def square(x: Double)    // call by value
    ^^^^^^
2023.08.09 16:50:23 INFO  time: evaluated worksheet 'example.worksheet.sc' in 0.26s
[31merror[39m: src\main\scala\example\example.worksheet.sc:11:5: Procedure syntax is not supported. Convert procedure `square` to method by adding `: Unit =`.
def square(x: Double)    // call by value
    ^^^^^^
2023.08.09 16:52:40 INFO  time: evaluated worksheet 'example.worksheet.sc' in 0.17s
[31merror[39m: src\main\scala\example\example.worksheet.sc:11:5: Procedure syntax is not supported. Convert procedure `square` to method by adding `: Unit =`.
def square(x: Double)    // call by value
    ^^^^^^
2023.08.09 16:52:43 INFO  time: evaluated worksheet 'example.worksheet.sc' in 0.22s
[31merror[39m: src\main\scala\example\example.worksheet.sc:11:5: Procedure syntax is not supported. Convert procedure `square` to method by adding `: Unit =`.
def square(x: Double)    // call by value
    ^^^^^^
2023.08.09 16:52:44 INFO  time: evaluated worksheet 'example.worksheet.sc' in 0.14s
[31merror[39m: src\main\scala\example\example.worksheet.sc:11:5: Procedure syntax is not supported. Convert procedure `square` to method by adding `: Unit =`.
def square(x: Double)    // call by value
    ^^^^^^
2023.08.09 16:52:46 INFO  time: evaluated worksheet 'example.worksheet.sc' in 0.15s
[31merror[39m: src\main\scala\example\example.worksheet.sc:11:5: Procedure syntax is not supported. Convert procedure `square` to method by adding `: Unit =`.
def square(x: Double)    // call by value
    ^^^^^^
2023.08.09 16:52:52 INFO  time: evaluated worksheet 'example.worksheet.sc' in 0.15s
[31merror[39m: src\main\scala\example\example.worksheet.sc:11:5: Procedure syntax is not supported. Convert procedure `square` to method by adding `: Unit =`.
def square(x: Double)    // call by value
    ^^^^^^
2023.08.09 16:53:13 INFO  time: evaluated worksheet 'example.worksheet.sc' in 0.12s
[31merror[39m: src\main\scala\example\example.worksheet.sc:11:5: Procedure syntax is not supported. Convert procedure `square` to method by adding `: Unit =`.
def square(x: Double)    // call by value
    ^^^^^^
2023.08.09 16:53:17 INFO  time: evaluated worksheet 'example.worksheet.sc' in 0.11s
[31merror[39m: src\main\scala\example\example.worksheet.sc:11:5: Procedure syntax is not supported. Convert procedure `square` to method by adding `: Unit =`.
def square(x: Double)    // call by value
    ^^^^^^
2023.08.09 16:53:23 INFO  time: evaluated worksheet 'example.worksheet.sc' in 0.12s
[31merror[39m: src\main\scala\example\example.worksheet.sc:11:5: Procedure syntax is not supported. Convert procedure `square` to method by adding `: Unit =`.
def square(x: Double)    // call by value
    ^^^^^^
2023.08.09 16:53:27 INFO  time: evaluated worksheet 'example.worksheet.sc' in 0.13s
[31merror[39m: src\main\scala\example\example.worksheet.sc:11:5: Procedure syntax is not supported. Convert procedure `square` to method by adding `: Unit =`.
def square(x: Double)    // call by value
    ^^^^^^
2023.08.09 16:53:29 INFO  time: evaluated worksheet 'example.worksheet.sc' in 0.17s
[31merror[39m: src\main\scala\example\example.worksheet.sc:11:5: Procedure syntax is not supported. Convert procedure `square` to method by adding `: Unit =`.
def square(x: Double)    // call by value
    ^^^^^^
2023.08.09 16:53:37 INFO  time: evaluated worksheet 'example.worksheet.sc' in 0.12s
[31merror[39m: src\main\scala\example\example.worksheet.sc:11:5: Procedure syntax is not supported. Convert procedure `square` to method by adding `: Unit =`.
def square(x: Double)    // call by value
    ^^^^^^
2023.08.09 16:53:39 INFO  time: evaluated worksheet 'example.worksheet.sc' in 0.12s
[31merror[39m: src\main\scala\example\example.worksheet.sc:11:5: Procedure syntax is not supported. Convert procedure `square` to method by adding `: Unit =`.
def square(x: Double)    // call by value
    ^^^^^^
2023.08.09 16:53:42 INFO  time: evaluated worksheet 'example.worksheet.sc' in 0.13s
[31merror[39m: src\main\scala\example\example.worksheet.sc:11:5: Procedure syntax is not supported. Convert procedure `square` to method by adding `: Unit =`.
def square(x: Double)    // call by value
    ^^^^^^
2023.08.09 16:53:52 INFO  time: evaluated worksheet 'example.worksheet.sc' in 0.13s
[31merror[39m: src\main\scala\example\example.worksheet.sc:11:5: Procedure syntax is not supported. Convert procedure `square` to method by adding `: Unit =`.
def square(x: Double)    // call by value
    ^^^^^^
2023.08.09 16:53:56 INFO  time: evaluated worksheet 'example.worksheet.sc' in 0.12s
[31merror[39m: src\main\scala\example\example.worksheet.sc:11:5: Procedure syntax is not supported. Convert procedure `square` to method by adding `: Unit =`.
def square(x: Double)    // call by value
    ^^^^^^
2023.08.09 16:54:04 INFO  time: evaluated worksheet 'example.worksheet.sc' in 0.11s
[31merror[39m: src\main\scala\example\example.worksheet.sc:11:5: Procedure syntax is not supported. Convert procedure `square` to method by adding `: Unit =`.
def square(x: Double)    // call by value
    ^^^^^^
2023.08.09 16:54:13 INFO  time: evaluated worksheet 'example.worksheet.sc' in 0.15s
[31merror[39m: src\main\scala\example\example.worksheet.sc:11:5: Procedure syntax is not supported. Convert procedure `square` to method by adding `: Unit =`.
def square(x: Double)    // call by value
    ^^^^^^
2023.08.09 16:54:15 INFO  time: evaluated worksheet 'example.worksheet.sc' in 0.11s
[31merror[39m: src\main\scala\example\example.worksheet.sc:11:5: Procedure syntax is not supported. Convert procedure `square` to method by adding `: Unit =`.
def square(x: Double)    // call by value
    ^^^^^^
2023.08.09 16:54:22 INFO  time: evaluated worksheet 'example.worksheet.sc' in 0.14s
[31merror[39m: src\main\scala\example\example.worksheet.sc:11:5: Procedure syntax is not supported. Convert procedure `square` to method by adding `: Unit =`.
def square(x: Double)    // call by value
    ^^^^^^
2023.08.09 16:54:26 INFO  time: evaluated worksheet 'example.worksheet.sc' in 0.11s
[31merror[39m: src\main\scala\example\example.worksheet.sc:11:5: Procedure syntax is not supported. Convert procedure `square` to method by adding `: Unit =`.
def square(x: Double)    // call by value
    ^^^^^^
2023.08.09 16:54:29 INFO  time: evaluated worksheet 'example.worksheet.sc' in 0.13s
[31merror[39m: src\main\scala\example\example.worksheet.sc:11:5: Procedure syntax is not supported. Convert procedure `square` to method by adding `: Unit =`.
def square(x: Double)    // call by value
    ^^^^^^
2023.08.09 16:54:37 INFO  time: evaluated worksheet 'example.worksheet.sc' in 0.11s
[31merror[39m: src\main\scala\example\example.worksheet.sc:11:5: Procedure syntax is not supported. Convert procedure `square` to method by adding `: Unit =`.
def square(x: Double)    // call by value
    ^^^^^^
2023.08.09 16:54:38 INFO  time: evaluated worksheet 'example.worksheet.sc' in 0.12s
[31merror[39m: src\main\scala\example\example.worksheet.sc:11:5: Procedure syntax is not supported. Convert procedure `square` to method by adding `: Unit =`.
def square(x: Double)    // call by value
    ^^^^^^
2023.08.09 16:54:39 INFO  time: evaluated worksheet 'example.worksheet.sc' in 0.21s
[31merror[39m: src\main\scala\example\example.worksheet.sc:11:5: Procedure syntax is not supported. Convert procedure `square` to method by adding `: Unit =`.
def square(x: Double)    // call by value
    ^^^^^^
2023.08.09 16:54:45 INFO  time: evaluated worksheet 'example.worksheet.sc' in 0.13s
[31merror[39m: src\main\scala\example\example.worksheet.sc:11:5: Procedure syntax is not supported. Convert procedure `square` to method by adding `: Unit =`.
def square(x: Double)    // call by value
    ^^^^^^
2023.08.09 16:54:47 INFO  time: evaluated worksheet 'example.worksheet.sc' in 0.14s
[31merror[39m: src\main\scala\example\example.worksheet.sc:11:5: Procedure syntax is not supported. Convert procedure `square` to method by adding `: Unit =`.
def square(x: Double)    // call by value
    ^^^^^^
2023.08.09 16:55:09 INFO  time: evaluated worksheet 'example.worksheet.sc' in 0.13s
[31merror[39m: src\main\scala\example\example.worksheet.sc:11:5: Procedure syntax is not supported. Convert procedure `square` to method by adding `: Unit =`.
def square(x: Double)    // call by value
    ^^^^^^
2023.08.09 16:55:12 INFO  time: evaluated worksheet 'example.worksheet.sc' in 0.12s
Aug 09, 2023 4:55:13 PM org.eclipse.lsp4j.jsonrpc.RemoteEndpoint handleCancellation
WARNUNG: Unmatched cancel notification for request id 586
[31merror[39m: src\main\scala\example\example.worksheet.sc:11:5: Procedure syntax is not supported. Convert procedure `square` to method by adding `: Unit =`.
def square(x: Double)    // call by value
    ^^^^^^
2023.08.09 16:55:20 INFO  time: evaluated worksheet 'example.worksheet.sc' in 0.12s
[31merror[39m: src\main\scala\example\example.worksheet.sc:11:5: Procedure syntax is not supported. Convert procedure `square` to method by adding `: Unit =`.
def square(x: Double)    // call by value
    ^^^^^^
2023.08.09 16:55:22 INFO  time: evaluated worksheet 'example.worksheet.sc' in 0.12s
[31merror[39m: src\main\scala\example\example.worksheet.sc:11:5: Procedure syntax is not supported. Convert procedure `square` to method by adding `: Unit =`.
def square(x: Double)    // call by value
    ^^^^^^
2023.08.09 16:55:30 INFO  time: evaluated worksheet 'example.worksheet.sc' in 0.12s
[31merror[39m: src\main\scala\example\example.worksheet.sc:11:5: Procedure syntax is not supported. Convert procedure `square` to method by adding `: Unit =`.
def square(x: Double)    // call by value
    ^^^^^^
2023.08.09 16:55:32 INFO  time: evaluated worksheet 'example.worksheet.sc' in 0.12s
[31merror[39m: src\main\scala\example\example.worksheet.sc:11:5: Procedure syntax is not supported. Convert procedure `square` to method by adding `: Unit =`.
def square(x: Double)    // call by value
    ^^^^^^
2023.08.09 16:55:36 INFO  time: evaluated worksheet 'example.worksheet.sc' in 0.1s
[31merror[39m: src\main\scala\example\example.worksheet.sc:11:5: Procedure syntax is not supported. Convert procedure `square` to method by adding `: Unit =`.
def square(x: Double)    // call by value
    ^^^^^^
2023.08.09 16:55:52 INFO  time: evaluated worksheet 'example.worksheet.sc' in 0.2s
[31merror[39m: src\main\scala\example\example.worksheet.sc:11:5: Procedure syntax is not supported. Convert procedure `square` to method by adding `: Unit =`.
def square(x: Double)    // call by value
    ^^^^^^
2023.08.09 16:56:02 INFO  time: evaluated worksheet 'example.worksheet.sc' in 0.12s
[31merror[39m: src\main\scala\example\example.worksheet.sc:11:5: Procedure syntax is not supported. Convert procedure `square` to method by adding `: Unit =`.
def square(x: Double)    // call by value
    ^^^^^^
2023.08.09 16:56:04 INFO  time: evaluated worksheet 'example.worksheet.sc' in 0.12s
[31merror[39m: src\main\scala\example\example.worksheet.sc:11:5: Procedure syntax is not supported. Convert procedure `square` to method by adding `: Unit =`.
def square(x: Double)    // call by value
    ^^^^^^
2023.08.09 16:56:06 INFO  time: evaluated worksheet 'example.worksheet.sc' in 0.12s
[31merror[39m: src\main\scala\example\example.worksheet.sc:11:5: Procedure syntax is not supported. Convert procedure `square` to method by adding `: Unit =`.
def square(x: Double)    // call by value
    ^^^^^^
2023.08.09 16:56:08 INFO  time: evaluated worksheet 'example.worksheet.sc' in 0.12s
[31merror[39m: src\main\scala\example\example.worksheet.sc:11:5: Procedure syntax is not supported. Convert procedure `square` to method by adding `: Unit =`.
def square(x: Double)    // call by value
    ^^^^^^
2023.08.09 16:56:10 INFO  time: evaluated worksheet 'example.worksheet.sc' in 0.11s
[31merror[39m: src\main\scala\example\example.worksheet.sc:11:5: Procedure syntax is not supported. Convert procedure `square` to method by adding `: Unit =`.
def square(x: Double)    // call by value
    ^^^^^^
2023.08.09 16:56:16 INFO  time: evaluated worksheet 'example.worksheet.sc' in 0.17s
[31merror[39m: src\main\scala\example\example.worksheet.sc:11:5: Procedure syntax is not supported. Convert procedure `square` to method by adding `: Unit =`.
def square(x: Double)    // call by value
    ^^^^^^
2023.08.09 16:56:18 INFO  time: evaluated worksheet 'example.worksheet.sc' in 0.12s
[31merror[39m: src\main\scala\example\example.worksheet.sc:11:5: Procedure syntax is not supported. Convert procedure `square` to method by adding `: Unit =`.
def square(x: Double)    // call by value
    ^^^^^^
2023.08.09 16:56:27 INFO  time: evaluated worksheet 'example.worksheet.sc' in 0.11s
[31merror[39m: src\main\scala\example\example.worksheet.sc:11:5: Procedure syntax is not supported. Convert procedure `square` to method by adding `: Unit =`.
def square(x: Double)    // call by value
    ^^^^^^
2023.08.09 16:56:30 INFO  time: evaluated worksheet 'example.worksheet.sc' in 0.11s
[31merror[39m: src\main\scala\example\example.worksheet.sc:11:5: Procedure syntax is not supported. Convert procedure `square` to method by adding `: Unit =`.
def square(x: Double)    // call by value
    ^^^^^^
2023.08.09 16:56:33 INFO  time: evaluated worksheet 'example.worksheet.sc' in 0.11s
[31merror[39m: src\main\scala\example\example.worksheet.sc:11:5: Procedure syntax is not supported. Convert procedure `square` to method by adding `: Unit =`.
def square(x: Double)    // call by value
    ^^^^^^
2023.08.09 16:56:40 INFO  time: evaluated worksheet 'example.worksheet.sc' in 0.11s
[31merror[39m: src\main\scala\example\example.worksheet.sc:11:5: Procedure syntax is not supported. Convert procedure `square` to method by adding `: Unit =`.
def square(x: Double)    // call by value
    ^^^^^^
2023.08.09 16:56:44 INFO  time: evaluated worksheet 'example.worksheet.sc' in 0.14s
[31merror[39m: src\main\scala\example\example.worksheet.sc:11:5: Procedure syntax is not supported. Convert procedure `square` to method by adding `: Unit =`.
def square(x: Double)    // call by value
    ^^^^^^
2023.08.09 16:56:46 INFO  time: evaluated worksheet 'example.worksheet.sc' in 0.11s
[31merror[39m: src\main\scala\example\example.worksheet.sc:11:5: Procedure syntax is not supported. Convert procedure `square` to method by adding `: Unit =`.
def square(x: Double)    // call by value
    ^^^^^^
2023.08.09 16:57:02 INFO  time: evaluated worksheet 'example.worksheet.sc' in 0.13s
[31merror[39m: src\main\scala\example\example.worksheet.sc:11:5: Procedure syntax is not supported. Convert procedure `square` to method by adding `: Unit =`.
def square(x: Double)    // call by value
    ^^^^^^
2023.08.09 16:57:10 INFO  time: evaluated worksheet 'example.worksheet.sc' in 0.13s
[31merror[39m: src\main\scala\example\example.worksheet.sc:11:5: Procedure syntax is not supported. Convert procedure `square` to method by adding `: Unit =`.
def square(x: Double)    // call by value
    ^^^^^^
2023.08.09 16:57:23 INFO  time: evaluated worksheet 'example.worksheet.sc' in 0.12s
[31merror[39m: src\main\scala\example\example.worksheet.sc:11:5: Procedure syntax is not supported. Convert procedure `square` to method by adding `: Unit =`.
def square(x: Double)    // call by value
    ^^^^^^
2023.08.09 16:57:38 INFO  time: evaluated worksheet 'example.worksheet.sc' in 0.16s
[31merror[39m: src\main\scala\example\example.worksheet.sc:11:5: Procedure syntax is not supported. Convert procedure `square` to method by adding `: Unit =`.
def square(x: Double)    // call by value
    ^^^^^^
2023.08.09 16:57:41 INFO  time: evaluated worksheet 'example.worksheet.sc' in 0.12s
[31merror[39m: src\main\scala\example\example.worksheet.sc:11:5: Procedure syntax is not supported. Convert procedure `square` to method by adding `: Unit =`.
def square(x: Double)    // call by value
    ^^^^^^
2023.08.09 16:57:43 INFO  time: evaluated worksheet 'example.worksheet.sc' in 0.1s
[31merror[39m: src\main\scala\example\example.worksheet.sc:11:5: Procedure syntax is not supported. Convert procedure `square` to method by adding `: Unit =`.
def square(x: Double)    // call by value
    ^^^^^^
2023.08.09 16:57:50 INFO  time: evaluated worksheet 'example.worksheet.sc' in 0.1s
[31merror[39m: src\main\scala\example\example.worksheet.sc:11:5: Procedure syntax is not supported. Convert procedure `square` to method by adding `: Unit =`.
def square(x: Double)    // call by value
    ^^^^^^
2023.08.09 16:58:11 INFO  time: evaluated worksheet 'example.worksheet.sc' in 0.12s
[31merror[39m: src\main\scala\example\example.worksheet.sc:11:5: Procedure syntax is not supported. Convert procedure `square` to method by adding `: Unit =`.
def square(x: Double)    // call by value
    ^^^^^^
2023.08.09 16:58:17 INFO  time: evaluated worksheet 'example.worksheet.sc' in 0.15s
[31merror[39m: src\main\scala\example\example.worksheet.sc:11:5: Procedure syntax is not supported. Convert procedure `square` to method by adding `: Unit =`.
def square(x: Double)    // call by value
    ^^^^^^
2023.08.09 16:58:23 INFO  time: evaluated worksheet 'example.worksheet.sc' in 98ms
[31merror[39m: src\main\scala\example\example.worksheet.sc:11:5: Procedure syntax is not supported. Convert procedure `square` to method by adding `: Unit =`.
def square(x: Double)    // call by value
    ^^^^^^
2023.08.09 16:58:25 INFO  time: evaluated worksheet 'example.worksheet.sc' in 0.11s
2023.08.09 17:10:22 INFO  Shutting down server
2023.08.09 17:10:22 INFO  shutting down Metals
2023.08.09 17:10:22 INFO  Shut down connection with build server.
2023.08.09 17:10:22 INFO  Shut down connection with build server.
2023.08.09 17:10:22 INFO  Exiting server
2023.08.09 17:10:49 INFO  Started: Metals version 1.0.0 in folders 'C:\Users\njoki\Desktop\scala-project' for client Visual Studio Code 1.81.0.
Aug 09, 2023 5:10:49 PM org.flywaydb.core.internal.license.VersionPrinter printVersionOnly
INFORMATION: Flyway Community Edition 9.20.1 by Redgate
Aug 09, 2023 5:10:49 PM org.flywaydb.core.internal.license.VersionPrinter printVersion
INFORMATION: See release notes here: https://rd.gt/416ObMi
Aug 09, 2023 5:10:49 PM org.flywaydb.core.internal.license.VersionPrinter printVersion
INFORMATION: 
Aug 09, 2023 5:10:49 PM org.flywaydb.core.internal.database.base.BaseDatabaseType createDatabase
INFORMATION: Database: jdbc:h2:file:C:\Users\njoki\Desktop\scala-project\.metals\metals (H2 2.1)
Aug 09, 2023 5:10:49 PM org.flywaydb.core.internal.command.DbValidate validate
INFORMATION: Successfully validated 4 migrations (execution time 00:00.017s)
Aug 09, 2023 5:10:49 PM org.flywaydb.core.internal.command.DbMigrate migrateGroup
INFORMATION: Current version of schema "PUBLIC": 4
Aug 09, 2023 5:10:49 PM org.flywaydb.core.internal.command.DbMigrate logSummary
INFORMATION: Schema "PUBLIC" is up to date. No migration necessary.
2023.08.09 17:10:49 INFO  time: initialize in 0.55s
2023.08.09 17:10:51 INFO  Attempting to connect to the build server...
2023.08.09 17:10:51 INFO  Bloop uses C:\Program Files\Java\jdk-20 defined at C:\Users\njoki\.bloop\bloop.json
2023.08.09 17:10:51 INFO  skipping build import with status 'Installed'
2023.08.09 17:10:51 INFO  tracing is disabled for protocol BSP, to enable tracing of incoming and outgoing JSON messages create an empty file at C:\Users\njoki\Desktop\scala-project\.metals\bsp.trace.json or C:\Users\njoki\AppData\Local\scalameta\metals\cache\bsp.trace.json
2023.08.09 17:10:51 INFO  Attempting to connect to the build server...
2023.08.09 17:10:51 INFO  Bloop uses C:\Program Files\Java\jdk-20 defined at C:\Users\njoki\.bloop\bloop.json
2023.08.09 17:10:51 INFO  tracing is disabled for protocol BSP, to enable tracing of incoming and outgoing JSON messages create an empty file at C:\Users\njoki\Desktop\scala-project\project\.metals\bsp.trace.json or C:\Users\njoki\AppData\Local\scalameta\metals\cache\bsp.trace.json
2023.08.09 17:10:51 INFO  time: Connected to build server in 0.27s
2023.08.09 17:10:51 INFO  Connected to Build server: Bloop v1.5.8
2023.08.09 17:10:54 INFO  time: indexed workspace in 2.94s
Aug 09, 2023 5:14:53 PM org.eclipse.lsp4j.jsonrpc.RemoteEndpoint handleCancellation
WARNUNG: Unmatched cancel notification for request id 47
